<?xml version="1.0" encoding="UTF-8"?>
<coverage generated="1657813174240" clover="3.2.0">
  <project timestamp="1657813174241" name="All files">
    <metrics statements="15" coveredstatements="14" conditionals="4" coveredconditionals="3" methods="5" coveredmethods="5" elements="24" coveredelements="22" complexity="0" loc="15" ncloc="15" packages="1" files="1" classes="1"/>
    <file name="functions.js" path="C:\Users\Piano\Desktop\review-to-do-list\__mock__\functions.js">
      <metrics statements="15" coveredstatements="14" conditionals="4" coveredconditionals="3" methods="5" coveredmethods="5"/>
      <line num="1" count="1" type="stmt"/>
      <line num="3" count="1" type="stmt"/>
      <line num="4" count="1" type="stmt"/>
      <line num="7" count="1" type="stmt"/>
      <line num="8" count="1" type="stmt"/>
      <line num="11" count="1" type="stmt"/>
      <line num="12" count="1" type="stmt"/>
      <line num="13" count="1" type="cond" truecount="1" falsecount="1"/>
      <line num="14" count="1" type="stmt"/>
      <line num="15" count="0" type="stmt"/>
      <line num="18" count="1" type="stmt"/>
      <line num="19" count="1" type="stmt"/>
      <line num="20" count="3" type="cond" truecount="2" falsecount="0"/>
      <line num="21" count="2" type="stmt"/>
      <line num="22" count="2" type="stmt"/>
    </file>
  </project>
</coverage>
