{"C:\\Users\\Piano\\Desktop\\review-to-do-list\\__mock__\\functions.js": {"path":"C:\\Users\\Piano\\Desktop\\review-to-do-list\\__mock__\\functions.js","statementMap":{"0":{"start":{"line":1,"column":23},"end":{"line":1,"column":58}},"1":{"start":{"line":1,"column":41},"end":{"line":1,"column":58}},"2":{"start":{"line":3,"column":26},"end":{"line":5,"column":1}},"3":{"start":{"line":4,"column":2},"end":{"line":4,"column":24}},"4":{"start":{"line":7,"column":31},"end":{"line":9,"column":1}},"5":{"start":{"line":8,"column":2},"end":{"line":8,"column":33}},"6":{"start":{"line":11,"column":22},"end":{"line":16,"column":1}},"7":{"start":{"line":12,"column":15},"end":{"line":12,"column":36}},"8":{"start":{"line":13,"column":2},"end":{"line":15,"column":38}},"9":{"start":{"line":14,"column":4},"end":{"line":14,"column":34}},"10":{"start":{"line":15,"column":9},"end":{"line":15,"column":38}},"11":{"start":{"line":18,"column":33},"end":{"line":25,"column":1}},"12":{"start":{"line":19,"column":2},"end":{"line":24,"column":3}},"13":{"start":{"line":19,"column":15},"end":{"line":19,"column":16}},"14":{"start":{"line":20,"column":4},"end":{"line":23,"column":5}},"15":{"start":{"line":21,"column":6},"end":{"line":21,"column":24}},"16":{"start":{"line":22,"column":6},"end":{"line":22,"column":13}}},"fnMap":{"0":{"name":"(anonymous_0)","decl":{"start":{"line":1,"column":23},"end":{"line":1,"column":24}},"loc":{"start":{"line":1,"column":41},"end":{"line":1,"column":58}},"line":1},"1":{"name":"(anonymous_1)","decl":{"start":{"line":3,"column":26},"end":{"line":3,"column":27}},"loc":{"start":{"line":3,"column":43},"end":{"line":5,"column":1}},"line":3},"2":{"name":"(anonymous_2)","decl":{"start":{"line":7,"column":31},"end":{"line":7,"column":32}},"loc":{"start":{"line":7,"column":54},"end":{"line":9,"column":1}},"line":7},"3":{"name":"(anonymous_3)","decl":{"start":{"line":11,"column":22},"end":{"line":11,"column":23}},"loc":{"start":{"line":11,"column":39},"end":{"line":16,"column":1}},"line":11},"4":{"name":"(anonymous_4)","decl":{"start":{"line":18,"column":33},"end":{"line":18,"column":34}},"loc":{"start":{"line":18,"column":43},"end":{"line":25,"column":1}},"line":18}},"branchMap":{"0":{"loc":{"start":{"line":13,"column":2},"end":{"line":15,"column":38}},"type":"if","locations":[{"start":{"line":13,"column":2},"end":{"line":15,"column":38}},{"start":{"line":15,"column":9},"end":{"line":15,"column":38}}],"line":13},"1":{"loc":{"start":{"line":20,"column":4},"end":{"line":23,"column":5}},"type":"if","locations":[{"start":{"line":20,"column":4},"end":{"line":23,"column":5}},{"start":{},"end":{}}],"line":20}},"s":{"0":1,"1":1,"2":1,"3":1,"4":1,"5":1,"6":1,"7":1,"8":1,"9":1,"10":0,"11":1,"12":1,"13":1,"14":3,"15":2,"16":2},"f":{"0":1,"1":1,"2":1,"3":1,"4":1},"b":{"0":[1,0],"1":[2,1]},"_coverageSchema":"1a1c01bbd47fc00a2c39e90264f33305004495a9","hash":"b0820c3b4e120c5368ad011cd785fafb26dc563e"}
}
